[00:06:46] Ufututuru (uuid: 743de5b7-fc62-3bb6-a733-1bdcf1f5f598): 1
[00:10:48] Ufututuru (uuid: 743de5b7-fc62-3bb6-a733-1bdcf1f5f598): 1
[00:11:24] Ufututuru (uuid: 743de5b7-fc62-3bb6-a733-1bdcf1f5f598): 1
[00:13:34] Ufututuru (uuid: 743de5b7-fc62-3bb6-a733-1bdcf1f5f598): 1
[00:15:09] Ufututuru (uuid: 743de5b7-fc62-3bb6-a733-1bdcf1f5f598): 1
[00:15:24] Ufututuru (uuid: 743de5b7-fc62-3bb6-a733-1bdcf1f5f598): 1
[00:15:42] Ufututuru (uuid: 743de5b7-fc62-3bb6-a733-1bdcf1f5f598): 1
[00:16:13] Ufututuru (uuid: 743de5b7-fc62-3bb6-a733-1bdcf1f5f598): 1
[00:16:26] Ufututuru (uuid: 743de5b7-fc62-3bb6-a733-1bdcf1f5f598): 1
[00:16:39] Ufututuru (uuid: 743de5b7-fc62-3bb6-a733-1bdcf1f5f598): 1
[00:16:51] Ufututuru (uuid: 743de5b7-fc62-3bb6-a733-1bdcf1f5f598): 1
[00:22:42] Ufututuru (uuid: 743de5b7-fc62-3bb6-a733-1bdcf1f5f598): hello
[00:23:55] Ufututuru (uuid: 743de5b7-fc62-3bb6-a733-1bdcf1f5f598): 1
[00:24:44] Ufututuru (uuid: 743de5b7-fc62-3bb6-a733-1bdcf1f5f598): 1
[00:29:27] Ufututuru (uuid: 743de5b7-fc62-3bb6-a733-1bdcf1f5f598): 1
[00:29:42] Ufututuru (uuid: 743de5b7-fc62-3bb6-a733-1bdcf1f5f598): 1
[00:33:46] Ufututuru (uuid: 743de5b7-fc62-3bb6-a733-1bdcf1f5f598): 1
[00:34:00] Ufututuru (uuid: 743de5b7-fc62-3bb6-a733-1bdcf1f5f598): 1
[00:34:06] Ufututuru (uuid: 743de5b7-fc62-3bb6-a733-1bdcf1f5f598): 1
[00:34:13] Ufututuru (uuid: 743de5b7-fc62-3bb6-a733-1bdcf1f5f598): 1
[00:34:22] Ufututuru (uuid: 743de5b7-fc62-3bb6-a733-1bdcf1f5f598): 1
[00:35:46] Ufututuru (uuid: 743de5b7-fc62-3bb6-a733-1bdcf1f5f598): 1
[00:36:15] Ufututuru (uuid: 743de5b7-fc62-3bb6-a733-1bdcf1f5f598): 1
[00:36:37] Ufututuru (uuid: 743de5b7-fc62-3bb6-a733-1bdcf1f5f598): 1
[00:39:51] Ufututuru (uuid: 743de5b7-fc62-3bb6-a733-1bdcf1f5f598): 1
[00:41:30] Ufututuru (uuid: 743de5b7-fc62-3bb6-a733-1bdcf1f5f598): eee
[00:49:18] Ufututuru (uuid: 743de5b7-fc62-3bb6-a733-1bdcf1f5f598): 1
[00:55:40] Ufututuru (uuid: 743de5b7-fc62-3bb6-a733-1bdcf1f5f598): 1
[00:56:11] Ufututuru (uuid: 743de5b7-fc62-3bb6-a733-1bdcf1f5f598): 1
[00:58:16] Ufututuru (uuid: 743de5b7-fc62-3bb6-a733-1bdcf1f5f598): 1
[01:00:36] Ufututuru (uuid: 743de5b7-fc62-3bb6-a733-1bdcf1f5f598): 1
[01:06:07] Ufututuru (uuid: 743de5b7-fc62-3bb6-a733-1bdcf1f5f598): 1
[01:06:44] Ufututuru (uuid: 743de5b7-fc62-3bb6-a733-1bdcf1f5f598): 1
[01:10:38] Ufututuru (uuid: 743de5b7-fc62-3bb6-a733-1bdcf1f5f598): 1
[01:13:43] Ufututuru (uuid: 743de5b7-fc62-3bb6-a733-1bdcf1f5f598): 1
[01:14:18] Ufututuru (uuid: 743de5b7-fc62-3bb6-a733-1bdcf1f5f598): 1
[01:16:01] Ufututuru (uuid: 743de5b7-fc62-3bb6-a733-1bdcf1f5f598): 1`
[01:16:23] Ufututuru (uuid: 743de5b7-fc62-3bb6-a733-1bdcf1f5f598): 1
[01:16:54] Ufututuru (uuid: 743de5b7-fc62-3bb6-a733-1bdcf1f5f598): 1
[01:17:58] Ufututuru (uuid: 743de5b7-fc62-3bb6-a733-1bdcf1f5f598): 1
[01:18:22] Ufututuru (uuid: 743de5b7-fc62-3bb6-a733-1bdcf1f5f598): 1
[01:18:48] Ufututuru (uuid: 743de5b7-fc62-3bb6-a733-1bdcf1f5f598): 1
[01:19:24] Ufututuru (uuid: 743de5b7-fc62-3bb6-a733-1bdcf1f5f598): 1
[01:26:15] Ufututuru (uuid: 743de5b7-fc62-3bb6-a733-1bdcf1f5f598): 1
[01:26:29] Ufututuru (uuid: 743de5b7-fc62-3bb6-a733-1bdcf1f5f598): 1
[01:26:50] Ufututuru (uuid: 743de5b7-fc62-3bb6-a733-1bdcf1f5f598): 1
[01:27:46] Ufututuru (uuid: 743de5b7-fc62-3bb6-a733-1bdcf1f5f598): 1
[01:28:45] Ufututuru (uuid: 743de5b7-fc62-3bb6-a733-1bdcf1f5f598): 121313
[01:29:19] Ufututuru (uuid: 743de5b7-fc62-3bb6-a733-1bdcf1f5f598): 1
[02:45:29] Ufututuru (uuid: 743de5b7-fc62-3bb6-a733-1bdcf1f5f598): 1
[03:28:06] Ufututuru (uuid: 743de5b7-fc62-3bb6-a733-1bdcf1f5f598): 1
[03:29:33] Ufututuru (uuid: 743de5b7-fc62-3bb6-a733-1bdcf1f5f598): 1
[03:49:50] Ufututuru (uuid: 743de5b7-fc62-3bb6-a733-1bdcf1f5f598): 1
[04:24:58] Ufututuru (uuid: 743de5b7-fc62-3bb6-a733-1bdcf1f5f598): 11
[04:28:10] Ufututuru (uuid: 743de5b7-fc62-3bb6-a733-1bdcf1f5f598): §3
[04:28:18] Ufututuru (uuid: 743de5b7-fc62-3bb6-a733-1bdcf1f5f598): §3qwe-qwe
[04:28:28] Ufututuru (uuid: 743de5b7-fc62-3bb6-a733-1bdcf1f5f598): §3qwe-qwe
[04:31:26] Ufututuru (uuid: 743de5b7-fc62-3bb6-a733-1bdcf1f5f598): §3qwe-qwe
[04:31:50] Ufututuru (uuid: 743de5b7-fc62-3bb6-a733-1bdcf1f5f598): &3qwe-qwe
[12:23:53] Ufututuru (uuid: 743de5b7-fc62-3bb6-a733-1bdcf1f5f598): 1
[12:41:36] Ufututuru (uuid: 743de5b7-fc62-3bb6-a733-1bdcf1f5f598): 121
[12:49:48] Ufututuru (uuid: 743de5b7-fc62-3bb6-a733-1bdcf1f5f598): 111
[12:53:04] Ufututuru (uuid: 743de5b7-fc62-3bb6-a733-1bdcf1f5f598): 11
[13:31:23] Ufututuru (uuid: 743de5b7-fc62-3bb6-a733-1bdcf1f5f598): 123132
[13:31:43] Ufututuru (uuid: 743de5b7-fc62-3bb6-a733-1bdcf1f5f598): 14123
[13:31:54] Ufututuru (uuid: 743de5b7-fc62-3bb6-a733-1bdcf1f5f598): 4124124
[13:32:08] Ufututuru (uuid: 743de5b7-fc62-3bb6-a733-1bdcf1f5f598): 1312
[13:32:25] Ufututuru (uuid: 743de5b7-fc62-3bb6-a733-1bdcf1f5f598): 1312
[13:53:06] Ufututuru (uuid: 743de5b7-fc62-3bb6-a733-1bdcf1f5f598): v
[16:02:56] Ufututuru (uuid: 743de5b7-fc62-3bb6-a733-1bdcf1f5f598): pex user Ufututuru group
[16:33:32] Ufututuru (uuid: 743de5b7-fc62-3bb6-a733-1bdcf1f5f598): 21313
[16:41:09] Ufututuru (uuid: 743de5b7-fc62-3bb6-a733-1bdcf1f5f598): a
[16:47:06] Ufututuru (uuid: 743de5b7-fc62-3bb6-a733-1bdcf1f5f598): 1
[16:48:44] Ufututuru (uuid: 743de5b7-fc62-3bb6-a733-1bdcf1f5f598): 1
[16:53:55] Ufututuru (uuid: 743de5b7-fc62-3bb6-a733-1bdcf1f5f598): fas
[16:57:18] Ufututuru (uuid: 743de5b7-fc62-3bb6-a733-1bdcf1f5f598): 1
[17:05:05] Ufututuru (uuid: 743de5b7-fc62-3bb6-a733-1bdcf1f5f598): 1
[17:07:29] Ufututuru (uuid: 743de5b7-fc62-3bb6-a733-1bdcf1f5f598): 1
[17:24:57] Ufututuru (uuid: 743de5b7-fc62-3bb6-a733-1bdcf1f5f598): 1
[17:29:43] Ufututuru (uuid: 743de5b7-fc62-3bb6-a733-1bdcf1f5f598): 1
[17:49:46] Ufututuru (uuid: 743de5b7-fc62-3bb6-a733-1bdcf1f5f598): 1
[17:50:02] Ufututuru (uuid: 743de5b7-fc62-3bb6-a733-1bdcf1f5f598): 1
[17:50:03] Ufututuru (uuid: 743de5b7-fc62-3bb6-a733-1bdcf1f5f598): 2
[17:50:04] Ufututuru (uuid: 743de5b7-fc62-3bb6-a733-1bdcf1f5f598): 3
[18:40:33] Ufututuru (uuid: 743de5b7-fc62-3bb6-a733-1bdcf1f5f598): 1
[18:40:37] Ufututuru (uuid: 743de5b7-fc62-3bb6-a733-1bdcf1f5f598): §11
[18:42:33] Ufututuru (uuid: 743de5b7-fc62-3bb6-a733-1bdcf1f5f598): §11
[18:42:55] Ufututuru (uuid: 743de5b7-fc62-3bb6-a733-1bdcf1f5f598): &11
[18:56:41] Ufututuru (uuid: 743de5b7-fc62-3bb6-a733-1bdcf1f5f598): 1
[22:27:03] Ufututuru (uuid: 743de5b7-fc62-3bb6-a733-1bdcf1f5f598): 1
[22:41:28] Ufututuru (uuid: 743de5b7-fc62-3bb6-a733-1bdcf1f5f598): 1
