[15:03:56] Grant (uuid: d10b4c0a-61ef-3b57-b33b-42c92ac3c1fc): вц
[16:48:19] Grant (uuid: d10b4c0a-61ef-3b57-b33b-42c92ac3c1fc): dw
[17:01:19] Grant (uuid: d10b4c0a-61ef-3b57-b33b-42c92ac3c1fc): dw
[17:04:38] Grant (uuid: d10b4c0a-61ef-3b57-b33b-42c92ac3c1fc): fe
[17:57:46] Ufututuru (uuid: 743de5b7-fc62-3bb6-a733-1bdcf1f5f598): pex user Ufututuru group set premium
[18:21:29] Grant (uuid: d10b4c0a-61ef-3b57-b33b-42c92ac3c1fc): pex user Ufututuru group set admin
[18:26:05] Ufututuru (uuid: 743de5b7-fc62-3bb6-a733-1bdcf1f5f598): 1
[18:26:05] Ufututuru (uuid: 743de5b7-fc62-3bb6-a733-1bdcf1f5f598): 1
[19:17:36] Stiv_23 (uuid: 78749019-3e00-383f-bbca-bf8c8e326a0c): у вас есть спавн
[19:18:25] Stiv_23 (uuid: 78749019-3e00-383f-bbca-bf8c8e326a0c):  это не спавн, это похож на лоби
[19:18:49] Stiv_23 (uuid: 78749019-3e00-383f-bbca-bf8c8e326a0c):  Ufututuru ты тут
[19:19:06] Grant (uuid: d10b4c0a-61ef-3b57-b33b-42c92ac3c1fc): Привет
[19:19:10] Stiv_23 (uuid: 78749019-3e00-383f-bbca-bf8c8e326a0c):  угу
[19:19:21] Stiv_23 (uuid: 78749019-3e00-383f-bbca-bf8c8e326a0c):  у вас спавна нет
[19:19:30] Ufututuru (uuid: 743de5b7-fc62-3bb6-a733-1bdcf1f5f598): что ты понимаешь под спавном?
[19:19:35] Ufututuru (uuid: 743de5b7-fc62-3bb6-a733-1bdcf1f5f598): чем тебе лоби не спавн
[19:20:20] Stiv_23 (uuid: 78749019-3e00-383f-bbca-bf8c8e326a0c):  ладно я пайду
[19:20:38] Stiv_23 (uuid: 78749019-3e00-383f-bbca-bf8c8e326a0c):  ок пока удачи вас
[20:15:22] Vladus00 (uuid: 7b5ebf46-4bde-307c-a8d8-40fbcae3a565): ку
[20:15:26] Grant (uuid: d10b4c0a-61ef-3b57-b33b-42c92ac3c1fc): Привет
[20:15:34] Vladus00 (uuid: 7b5ebf46-4bde-307c-a8d8-40fbcae3a565): А МОНА СТАТЬ АДМОНОМ
[20:16:27] Vladus00 (uuid: 7b5ebf46-4bde-307c-a8d8-40fbcae3a565): вам помогти с сервером
[20:17:23] Vladus00 (uuid: 7b5ebf46-4bde-307c-a8d8-40fbcae3a565): =бля я ливаю
[20:17:27] Vladus00 (uuid: 7b5ebf46-4bde-307c-a8d8-40fbcae3a565): пака
[21:00:24] Ufututuru (uuid: 743de5b7-fc62-3bb6-a733-1bdcf1f5f598): Я перезагружу сервер, чтобы флаги, установленные на привате заработали?
[21:00:46] Ufututuru (uuid: 743de5b7-fc62-3bb6-a733-1bdcf1f5f598): Я их через FTP клиент устанавливал
