#
# There is insufficient memory for the Java Runtime Environment to continue.
# Native memory allocation (mmap) failed to map 7340032000 bytes for committing reserved memory.
# Possible reasons:
#   The system is out of physical RAM or swap space
#   The process is running with CompressedOops enabled, and the Java Heap may be blocking the growth of the native heap
# Possible solutions:
#   Reduce memory load on the system
#   Increase physical memory or swap space
#   Check if swap backing store is full
#   Decrease Java heap size (-Xmx/-Xms)
#   Decrease number of Java threads
#   Decrease Java thread stack sizes (-Xss)
#   Set larger code cache with -XX:ReservedCodeCacheSize=
# This output file may be truncated or incomplete.
#
#  Out of Memory Error (os_linux.cpp:2866), pid=10125, tid=10126
#
# JRE version:  (11.0.7+10) (build )
# Java VM: OpenJDK 64-Bit Server VM (11.0.7+10-post-Ubuntu-2ubuntu218.04, mixed mode, sharing, tiered, compressed oops, g1 gc, linux-amd64)
# No core dump will be written. Core dumps have been disabled. To enable core dumping, try "ulimit -c unlimited" before starting Java again
#

---------------  S U M M A R Y ------------

Command Line: -Xmx7000M -Dfile.encoding=UTF-8 -Xms7000M spigot.jar nogui

Host: QEMU Virtual CPU version 2.5+, 8 cores, 7G, Ubuntu 18.04.4 LTS
Time: Tue Jun 16 18:25:15 2020 MSK elapsed time: 0 seconds (0d 0h 0m 0s)

---------------  T H R E A D  ---------------

Current thread (0x00007f9360016000):  JavaThread "Unknown thread" [_thread_in_vm, id=10126, stack(0x00007f9369b34000,0x00007f9369c35000)]

Stack: [0x00007f9369b34000,0x00007f9369c35000],  sp=0x00007f9369c33220,  free space=1020k
Native frames: (J=compiled Java code, A=aot compiled Java code, j=interpreted, Vv=VM code, C=native code)
V  [libjvm.so+0xdf8009]
V  [libjvm.so+0xdf8c9b]
V  [libjvm.so+0x6514e5]
V  [libjvm.so+0xbcfd48]
V  [libjvm.so+0xbc739d]
V  [libjvm.so+0x77034f]
V  [libjvm.so+0x7705be]
V  [libjvm.so+0x77c630]
V  [libjvm.so+0x7f8339]
V  [libjvm.so+0x7f8f92]
V  [libjvm.so+0x7f93f9]
V  [libjvm.so+0x72ea4f]
V  [libjvm.so+0x72f13d]
V  [libjvm.so+0xdb2512]
V  [libjvm.so+0xdb27a6]
V  [libjvm.so+0x81c067]
V  [libjvm.so+0xd8971f]
V  [libjvm.so+0x8d5871]  JNI_CreateJavaVM+0x51
C  [libjli.so+0x4a66]
C  [libjli.so+0x92cd]


---------------  P R O C E S S  ---------------

Threads class SMR info:
_java_thread_list=0x000055e311c0d380, length=0, elements={
}

Java Threads: ( => current thread )

Other Threads:
  0x00007f936002f000 GCTaskThread "GC Thread#0" [stack: 0x00007f9365b07000,0x00007f9365c07000] [id=10127]
  0x00007f9360063000 ConcurrentGCThread "G1 Main Marker" [stack: 0x00007f936436f000,0x00007f936446f000] [id=10128]
  0x00007f9360064800 ConcurrentGCThread "G1 Conc#0" [stack: 0x00007f936426d000,0x00007f936436d000] [id=10129]

[error occurred during error reporting (printing all threads), id 0xb, SIGSEGV (0xb) at pc=0x00007f93680f5d90]

VM state:not at safepoint (not fully initialized)

VM Mutex/Monitor currently owned by a thread:  ([mutex/lock_event])
[0x00007f9360012c40] Heap_lock - owner thread: 0x00007f9360016000

Heap address: 0x000000064a800000, size: 7000 MB, Compressed Oops mode: Non-zero based: 0x000000064a800000
Narrow klass base: 0x0000000000000000, Narrow klass shift: 0

GC Heap History (0 events):
No events

Deoptimization events (0 events):
No events

Classes redefined (0 events):
No events

Internal exceptions (0 events):
No events

Events (3 events):
Event: 0.002 Protecting memory [0x00007f9369b34000,0x00007f9369b38000] with protection modes 0
Event: 0.002 Loaded shared library /usr/lib/jvm/java-11-openjdk-amd64/lib/libzip.so
Event: 0.002 Loaded shared library /usr/lib/jvm/java-11-openjdk-amd64/lib/libjimage.so


Dynamic libraries:
55e30ffa4000-55e30ffa5000 r-xp 00000000 fc:02 2234408                    /usr/lib/jvm/java-11-openjdk-amd64/bin/java
55e3101a5000-55e3101a6000 r--p 00001000 fc:02 2234408                    /usr/lib/jvm/java-11-openjdk-amd64/bin/java
55e3101a6000-55e3101a7000 rw-p 00002000 fc:02 2234408                    /usr/lib/jvm/java-11-openjdk-amd64/bin/java
55e311bf5000-55e311c16000 rw-p 00000000 00:00 0                          [heap]
7f9328000000-7f9328021000 rw-p 00000000 00:00 0 
7f9328021000-7f932c000000 ---p 00000000 00:00 0 
7f932e000000-7f9330000000 rw-p 00000000 00:00 0 
7f9330000000-7f9330021000 rw-p 00000000 00:00 0 
7f9330021000-7f9334000000 ---p 00000000 00:00 0 
7f93349e8000-7f9344000000 ---p 00000000 00:00 0 
7f9344000000-7f9344021000 rw-p 00000000 00:00 0 
7f9344021000-7f9348000000 ---p 00000000 00:00 0 
7f9348307000-7f934890d000 rw-p 00000000 00:00 0 
7f934890d000-7f9348b7d000 rwxp 00000000 00:00 0 
7f9348b7d000-7f9348e9e000 ---p 00000000 00:00 0 
7f9348e9e000-7f934910e000 rwxp 00000000 00:00 0 
7f934910e000-7f93503d5000 ---p 00000000 00:00 0 
7f93503d5000-7f9350645000 rwxp 00000000 00:00 0 
7f9350645000-7f935790d000 ---p 00000000 00:00 0 
7f935790d000-7f9360000000 r--s 00000000 fc:02 2359495                    /usr/lib/jvm/java-11-openjdk-amd64/lib/modules
7f9360000000-7f9360090000 rw-p 00000000 00:00 0 
7f9360090000-7f9364000000 ---p 00000000 00:00 0 
7f9364069000-7f936426b000 rw-p 00000000 00:00 0 
7f936426b000-7f936426c000 ---p 00000000 00:00 0 
7f936426c000-7f936436d000 rw-p 00000000 00:00 0 
7f936436d000-7f936436e000 ---p 00000000 00:00 0 
7f936436e000-7f9364551000 rw-p 00000000 00:00 0 
7f9364551000-7f93652fd000 ---p 00000000 00:00 0 
7f93652fd000-7f9365b05000 rw-p 00000000 00:00 0 
7f9365b05000-7f9365b06000 ---p 00000000 00:00 0 
7f9365b06000-7f9365c0c000 rw-p 00000000 00:00 0 
7f9365c0c000-7f9365cf2000 ---p 00000000 00:00 0 
7f9365cf2000-7f9365cf7000 rw-p 00000000 00:00 0 
7f9365cf7000-7f9365ddd000 ---p 00000000 00:00 0 
7f9365ddd000-7f9365de2000 r-xp 00000000 fc:02 2359477                    /usr/lib/jvm/java-11-openjdk-amd64/lib/libjimage.so
7f9365de2000-7f9365fe1000 ---p 00005000 fc:02 2359477                    /usr/lib/jvm/java-11-openjdk-amd64/lib/libjimage.so
7f9365fe1000-7f9365fe2000 r--p 00004000 fc:02 2359477                    /usr/lib/jvm/java-11-openjdk-amd64/lib/libjimage.so
7f9365fe2000-7f9365fe3000 rw-p 00005000 fc:02 2359477                    /usr/lib/jvm/java-11-openjdk-amd64/lib/libjimage.so
7f9365fe3000-7f9365fea000 r-xp 00000000 fc:02 2359494                    /usr/lib/jvm/java-11-openjdk-amd64/lib/libzip.so
7f9365fea000-7f93661e9000 ---p 00007000 fc:02 2359494                    /usr/lib/jvm/java-11-openjdk-amd64/lib/libzip.so
7f93661e9000-7f93661ea000 r--p 00006000 fc:02 2359494                    /usr/lib/jvm/java-11-openjdk-amd64/lib/libzip.so
7f93661ea000-7f93661eb000 rw-p 00007000 fc:02 2359494                    /usr/lib/jvm/java-11-openjdk-amd64/lib/libzip.so
7f93661eb000-7f93661f6000 r-xp 00000000 fc:02 786466                     /lib/x86_64-linux-gnu/libnss_files-2.27.so
7f93661f6000-7f93663f5000 ---p 0000b000 fc:02 786466                     /lib/x86_64-linux-gnu/libnss_files-2.27.so
7f93663f5000-7f93663f6000 r--p 0000a000 fc:02 786466                     /lib/x86_64-linux-gnu/libnss_files-2.27.so
7f93663f6000-7f93663f7000 rw-p 0000b000 fc:02 786466                     /lib/x86_64-linux-gnu/libnss_files-2.27.so
7f93663f7000-7f93663fd000 rw-p 00000000 00:00 0 
7f93663fd000-7f9366414000 r-xp 00000000 fc:02 786463                     /lib/x86_64-linux-gnu/libnsl-2.27.so
7f9366414000-7f9366613000 ---p 00017000 fc:02 786463                     /lib/x86_64-linux-gnu/libnsl-2.27.so
7f9366613000-7f9366614000 r--p 00016000 fc:02 786463                     /lib/x86_64-linux-gnu/libnsl-2.27.so
7f9366614000-7f9366615000 rw-p 00017000 fc:02 786463                     /lib/x86_64-linux-gnu/libnsl-2.27.so
7f9366615000-7f9366617000 rw-p 00000000 00:00 0 
7f9366617000-7f9366622000 r-xp 00000000 fc:02 786468                     /lib/x86_64-linux-gnu/libnss_nis-2.27.so
7f9366622000-7f9366821000 ---p 0000b000 fc:02 786468                     /lib/x86_64-linux-gnu/libnss_nis-2.27.so
7f9366821000-7f9366822000 r--p 0000a000 fc:02 786468                     /lib/x86_64-linux-gnu/libnss_nis-2.27.so
7f9366822000-7f9366823000 rw-p 0000b000 fc:02 786468                     /lib/x86_64-linux-gnu/libnss_nis-2.27.so
7f9366823000-7f936682b000 r-xp 00000000 fc:02 786464                     /lib/x86_64-linux-gnu/libnss_compat-2.27.so
7f936682b000-7f9366a2b000 ---p 00008000 fc:02 786464                     /lib/x86_64-linux-gnu/libnss_compat-2.27.so
7f9366a2b000-7f9366a2c000 r--p 00008000 fc:02 786464                     /lib/x86_64-linux-gnu/libnss_compat-2.27.so
7f9366a2c000-7f9366a2d000 rw-p 00009000 fc:02 786464                     /lib/x86_64-linux-gnu/libnss_compat-2.27.so
7f9366a2d000-7f9366a56000 r-xp 00000000 fc:02 2359473                    /usr/lib/jvm/java-11-openjdk-amd64/lib/libjava.so
7f9366a56000-7f9366c55000 ---p 00029000 fc:02 2359473                    /usr/lib/jvm/java-11-openjdk-amd64/lib/libjava.so
7f9366c55000-7f9366c56000 r--p 00028000 fc:02 2359473                    /usr/lib/jvm/java-11-openjdk-amd64/lib/libjava.so
7f9366c56000-7f9366c58000 rw-p 00029000 fc:02 2359473                    /usr/lib/jvm/java-11-openjdk-amd64/lib/libjava.so
7f9366c58000-7f9366c65000 r-xp 00000000 fc:02 2359493                    /usr/lib/jvm/java-11-openjdk-amd64/lib/libverify.so
7f9366c65000-7f9366e64000 ---p 0000d000 fc:02 2359493                    /usr/lib/jvm/java-11-openjdk-amd64/lib/libverify.so
7f9366e64000-7f9366e66000 r--p 0000c000 fc:02 2359493                    /usr/lib/jvm/java-11-openjdk-amd64/lib/libverify.so
7f9366e66000-7f9366e67000 rw-p 0000e000 fc:02 2359493                    /usr/lib/jvm/java-11-openjdk-amd64/lib/libverify.so
7f9366e67000-7f9366e6e000 r-xp 00000000 fc:02 786473                     /lib/x86_64-linux-gnu/librt-2.27.so
7f9366e6e000-7f936706d000 ---p 00007000 fc:02 786473                     /lib/x86_64-linux-gnu/librt-2.27.so
7f936706d000-7f936706e000 r--p 00006000 fc:02 786473                     /lib/x86_64-linux-gnu/librt-2.27.so
7f936706e000-7f936706f000 rw-p 00007000 fc:02 786473                     /lib/x86_64-linux-gnu/librt-2.27.so
7f936706f000-7f9367086000 r-xp 00000000 fc:02 786446                     /lib/x86_64-linux-gnu/libgcc_s.so.1
7f9367086000-7f9367285000 ---p 00017000 fc:02 786446                     /lib/x86_64-linux-gnu/libgcc_s.so.1
7f9367285000-7f9367286000 r--p 00016000 fc:02 786446                     /lib/x86_64-linux-gnu/libgcc_s.so.1
7f9367286000-7f9367287000 rw-p 00017000 fc:02 786446                     /lib/x86_64-linux-gnu/libgcc_s.so.1
7f9367287000-7f9367424000 r-xp 00000000 fc:02 786460                     /lib/x86_64-linux-gnu/libm-2.27.so
7f9367424000-7f9367623000 ---p 0019d000 fc:02 786460                     /lib/x86_64-linux-gnu/libm-2.27.so
7f9367623000-7f9367624000 r--p 0019c000 fc:02 786460                     /lib/x86_64-linux-gnu/libm-2.27.so
7f9367624000-7f9367625000 rw-p 0019d000 fc:02 786460                     /lib/x86_64-linux-gnu/libm-2.27.so
7f9367625000-7f936779e000 r-xp 00000000 fc:02 262757                     /usr/lib/x86_64-linux-gnu/libstdc++.so.6.0.25
7f936779e000-7f936799e000 ---p 00179000 fc:02 262757                     /usr/lib/x86_64-linux-gnu/libstdc++.so.6.0.25
7f936799e000-7f93679a8000 r--p 00179000 fc:02 262757                     /usr/lib/x86_64-linux-gnu/libstdc++.so.6.0.25
7f93679a8000-7f93679aa000 rw-p 00183000 fc:02 262757                     /usr/lib/x86_64-linux-gnu/libstdc++.so.6.0.25
7f93679aa000-7f93679ae000 rw-p 00000000 00:00 0 
7f93679ae000-7f9368a8b000 r-xp 00000000 fc:02 2359500                    /usr/lib/jvm/java-11-openjdk-amd64/lib/server/libjvm.so
7f9368a8b000-7f9368c8a000 ---p 010dd000 fc:02 2359500                    /usr/lib/jvm/java-11-openjdk-amd64/lib/server/libjvm.so
7f9368c8a000-7f9368d47000 r--p 010dc000 fc:02 2359500                    /usr/lib/jvm/java-11-openjdk-amd64/lib/server/libjvm.so
7f9368d47000-7f9368d81000 rw-p 01199000 fc:02 2359500                    /usr/lib/jvm/java-11-openjdk-amd64/lib/server/libjvm.so
7f9368d81000-7f9368dd7000 rw-p 00000000 00:00 0 
7f9368dd7000-7f9368df1000 r-xp 00000000 fc:02 786471                     /lib/x86_64-linux-gnu/libpthread-2.27.so
7f9368df1000-7f9368ff0000 ---p 0001a000 fc:02 786471                     /lib/x86_64-linux-gnu/libpthread-2.27.so
7f9368ff0000-7f9368ff1000 r--p 00019000 fc:02 786471                     /lib/x86_64-linux-gnu/libpthread-2.27.so
7f9368ff1000-7f9368ff2000 rw-p 0001a000 fc:02 786471                     /lib/x86_64-linux-gnu/libpthread-2.27.so
7f9368ff2000-7f9368ff6000 rw-p 00000000 00:00 0 
7f9368ff6000-7f9368ff9000 r-xp 00000000 fc:02 786459                     /lib/x86_64-linux-gnu/libdl-2.27.so
7f9368ff9000-7f93691f8000 ---p 00003000 fc:02 786459                     /lib/x86_64-linux-gnu/libdl-2.27.so
7f93691f8000-7f93691f9000 r--p 00002000 fc:02 786459                     /lib/x86_64-linux-gnu/libdl-2.27.so
7f93691f9000-7f93691fa000 rw-p 00003000 fc:02 786459                     /lib/x86_64-linux-gnu/libdl-2.27.so
7f93691fa000-7f9369216000 r-xp 00000000 fc:02 786599                     /lib/x86_64-linux-gnu/libz.so.1.2.11
7f9369216000-7f9369415000 ---p 0001c000 fc:02 786599                     /lib/x86_64-linux-gnu/libz.so.1.2.11
7f9369415000-7f9369416000 r--p 0001b000 fc:02 786599                     /lib/x86_64-linux-gnu/libz.so.1.2.11
7f9369416000-7f9369417000 rw-p 0001c000 fc:02 786599                     /lib/x86_64-linux-gnu/libz.so.1.2.11
7f9369417000-7f93695fe000 r-xp 00000000 fc:02 786456                     /lib/x86_64-linux-gnu/libc-2.27.so
7f93695fe000-7f93697fe000 ---p 001e7000 fc:02 786456                     /lib/x86_64-linux-gnu/libc-2.27.so
7f93697fe000-7f9369802000 r--p 001e7000 fc:02 786456                     /lib/x86_64-linux-gnu/libc-2.27.so
7f9369802000-7f9369804000 rw-p 001eb000 fc:02 786456                     /lib/x86_64-linux-gnu/libc-2.27.so
7f9369804000-7f9369808000 rw-p 00000000 00:00 0 
7f9369808000-7f9369818000 r-xp 00000000 fc:02 2359457                    /usr/lib/jvm/java-11-openjdk-amd64/lib/jli/libjli.so
7f9369818000-7f9369a17000 ---p 00010000 fc:02 2359457                    /usr/lib/jvm/java-11-openjdk-amd64/lib/jli/libjli.so
7f9369a17000-7f9369a18000 r--p 0000f000 fc:02 2359457                    /usr/lib/jvm/java-11-openjdk-amd64/lib/jli/libjli.so
7f9369a18000-7f9369a19000 rw-p 00010000 fc:02 2359457                    /usr/lib/jvm/java-11-openjdk-amd64/lib/jli/libjli.so
7f9369a19000-7f9369a40000 r-xp 00000000 fc:02 786447                     /lib/x86_64-linux-gnu/ld-2.27.so
7f9369ae9000-7f9369b25000 rw-p 00000000 00:00 0 
7f9369b25000-7f9369b2c000 ---p 00000000 00:00 0 
7f9369b2c000-7f9369b34000 rw-s 00000000 fc:02 8388628                    /tmp/hsperfdata_root/10125
7f9369b34000-7f9369b38000 ---p 00000000 00:00 0 
7f9369b38000-7f9369c37000 rw-p 00000000 00:00 0 
7f9369c3a000-7f9369c3c000 r--s 00007000 fc:02 2234633                    /usr/share/java/java-atk-wrapper.jar
7f9369c3c000-7f9369c3d000 ---p 00000000 00:00 0 
7f9369c3d000-7f9369c3e000 r--p 00000000 00:00 0 
7f9369c3e000-7f9369c40000 rw-p 00000000 00:00 0 
7f9369c40000-7f9369c41000 r--p 00027000 fc:02 786447                     /lib/x86_64-linux-gnu/ld-2.27.so
7f9369c41000-7f9369c42000 rw-p 00028000 fc:02 786447                     /lib/x86_64-linux-gnu/ld-2.27.so
7f9369c42000-7f9369c43000 rw-p 00000000 00:00 0 
7ffcdab84000-7ffcdaba5000 rw-p 00000000 00:00 0                          [stack]
7ffcdabda000-7ffcdabdd000 r--p 00000000 00:00 0                          [vvar]
7ffcdabdd000-7ffcdabdf000 r-xp 00000000 00:00 0                          [vdso]
ffffffffff600000-ffffffffff601000 r-xp 00000000 00:00 0                  [vsyscall]


VM Arguments:
jvm_args: -Xmx7000M -Dfile.encoding=UTF-8 -Xms7000M 
java_command: spigot.jar nogui
java_class_path (initial): spigot.jar
Launcher Type: SUN_STANDARD

[Global flags]
     intx CICompilerCount                          = 4                                         {product} {ergonomic}
     uint ConcGCThreads                            = 2                                         {product} {ergonomic}
     uint G1ConcRefinementThreads                  = 8                                         {product} {ergonomic}
   size_t G1HeapRegionSize                         = 2097152                                   {product} {ergonomic}
    uintx GCDrainStackTargetSize                   = 64                                        {product} {ergonomic}
   size_t InitialHeapSize                          = 7340032000                                {product} {command line}
   size_t MarkStackSize                            = 4194304                                   {product} {ergonomic}
   size_t MaxHeapSize                              = 7340032000                                {product} {command line}
   size_t MinHeapDeltaBytes                        = 2097152                                   {product} {ergonomic}
    uintx NonNMethodCodeHeapSize                   = 5836300                                {pd product} {ergonomic}
    uintx NonProfiledCodeHeapSize                  = 122910970                              {pd product} {ergonomic}
    uintx ProfiledCodeHeapSize                     = 122910970                              {pd product} {ergonomic}
    uintx ReservedCodeCacheSize                    = 251658240                              {pd product} {ergonomic}
     bool SegmentedCodeCache                       = true                                      {product} {ergonomic}
     bool UseCompressedClassPointers               = true                                 {lp64_product} {ergonomic}
     bool UseCompressedOops                        = true                                 {lp64_product} {ergonomic}
     bool UseG1GC                                  = true                                      {product} {ergonomic}

Logging:
Log output configuration:
 #0: stdout all=warning uptime,level,tags
 #1: stderr all=off uptime,level,tags

Environment Variables:
PATH=/usr/local/sbin:/usr/local/bin:/usr/sbin:/usr/bin:/sbin:/bin:/usr/games:/usr/local/games
SHELL=/bin/bash

Signal Handlers:
SIGSEGV: [libjvm.so+0xdf8d00], sa_mask[0]=11111111011111111101111111111110, sa_flags=SA_RESTART|SA_SIGINFO
SIGBUS: [libjvm.so+0xdf8d00], sa_mask[0]=11111111011111111101111111111110, sa_flags=SA_RESTART|SA_SIGINFO
SIGFPE: [libjvm.so+0xdf8d00], sa_mask[0]=11111111011111111101111111111110, sa_flags=SA_RESTART|SA_SIGINFO
SIGPIPE: [libjvm.so+0xbcbc30], sa_mask[0]=11111111011111111101111111111110, sa_flags=SA_RESTART|SA_SIGINFO
SIGXFSZ: [libjvm.so+0xbcbc30], sa_mask[0]=11111111011111111101111111111110, sa_flags=SA_RESTART|SA_SIGINFO
SIGILL: [libjvm.so+0xdf8d00], sa_mask[0]=11111111011111111101111111111110, sa_flags=SA_RESTART|SA_SIGINFO
SIGUSR2: [libjvm.so+0xbcbad0], sa_mask[0]=00000000000000000000000000000000, sa_flags=SA_RESTART|SA_SIGINFO
SIGHUP: SIG_DFL, sa_mask[0]=00000000000000000000000000000000, sa_flags=none
SIGINT: SIG_DFL, sa_mask[0]=00000000000000000000000000000000, sa_flags=none
SIGTERM: SIG_DFL, sa_mask[0]=00000000000000000000000000000000, sa_flags=none
SIGQUIT: SIG_DFL, sa_mask[0]=00000000000000000000000000000000, sa_flags=none


---------------  S Y S T E M  ---------------

OS:DISTRIB_ID=Ubuntu
DISTRIB_RELEASE=18.04
DISTRIB_CODENAME=bionic
DISTRIB_DESCRIPTION="Ubuntu 18.04.4 LTS"
uname:Linux 4.15.0-106-generic #107-Ubuntu SMP Thu Jun 4 11:27:52 UTC 2020 x86_64
OS uptime: 0 days 8:25 hours
libc:glibc 2.27 NPTL 2.27 
rlimit: STACK 8192k, CORE 0k, NPROC 31725, NOFILE 1048576, AS infinity, CPU infinity, DATA infinity, FSIZE infinity
load average:0.09 0.07 0.02

/proc/meminfo:
MemTotal:        8166836 kB
MemFree:         3533304 kB
MemAvailable:    3719780 kB
Buffers:           45072 kB
Cached:           351068 kB
SwapCached:            0 kB
Active:          4321116 kB
Inactive:         217520 kB
Active(anon):    4142836 kB
Inactive(anon):      272 kB
Active(file):     178280 kB
Inactive(file):   217248 kB
Unevictable:           0 kB
Mlocked:               0 kB
SwapTotal:       2097148 kB
SwapFree:        2097148 kB
Dirty:               236 kB
Writeback:             0 kB
AnonPages:       4142552 kB
Mapped:            94344 kB
Shmem:               616 kB
Slab:              43440 kB
SReclaimable:      24496 kB
SUnreclaim:        18944 kB
KernelStack:        3344 kB
PageTables:        13716 kB
NFS_Unstable:          0 kB
Bounce:                0 kB
WritebackTmp:          0 kB
CommitLimit:     6180564 kB
Committed_AS:    7913772 kB
VmallocTotal:   34359738367 kB
VmallocUsed:           0 kB
VmallocChunk:          0 kB
HardwareCorrupted:     0 kB
AnonHugePages:         0 kB
ShmemHugePages:        0 kB
ShmemPmdMapped:        0 kB
CmaTotal:              0 kB
CmaFree:               0 kB
HugePages_Total:       0
HugePages_Free:        0
HugePages_Rsvd:        0
HugePages_Surp:        0
Hugepagesize:       2048 kB
DirectMap4k:       87920 kB
DirectMap2M:     8300544 kB


/proc/sys/kernel/threads-max (system-wide limit on the number of threads):
63451


/proc/sys/vm/max_map_count (maximum number of memory map areas a process may have):
65530


/proc/sys/kernel/pid_max (system-wide limit on number of process identifiers):
32768



container (cgroup) information:
container_type: cgroupv1
cpu_cpuset_cpus: 0-7
cpu_memory_nodes: 0
active_processor_count: 8
cpu_quota: -1
cpu_period: 100000
cpu_shares: -1
memory_limit_in_bytes: -1
memory_and_swap_limit_in_bytes: -2
memory_soft_limit_in_bytes: -1
memory_usage_in_bytes: 4647874560
memory_max_usage_in_bytes: 0

KVM virtualization detected
Steal ticks since vm start: 0
Steal ticks percentage since vm start:  0.000

CPU:total 8 (initial active 8) (1 cores per cpu, 1 threads per core) family 6 model 13 stepping 3, cmov, cx8, fxsr, mmx, sse, sse2, sse3, tsc
CPU Model and flags from /proc/cpuinfo:
model name	: QEMU Virtual CPU version 2.5+
flags		: fpu de pse tsc msr pae mce cx8 apic sep mtrr pge mca cmov pse36 clflush mmx fxsr sse sse2 syscall nx lm rep_good nopl xtopology cpuid tsc_known_freq pni cx16 x2apic hypervisor lahf_lm pti

Memory: 4k page, physical 8166836k(3533304k free), swap 2097148k(2097148k free)

vm_info: OpenJDK 64-Bit Server VM (11.0.7+10-post-Ubuntu-2ubuntu218.04) for linux-amd64 JRE (11.0.7+10-post-Ubuntu-2ubuntu218.04), built on Apr 15 2020 21:12:54 by "unknown" with gcc 7.5.0

END.
