[16:23:56] [Server thread/INFO]: Starting minecraft server version 1.12.2
[16:23:56] [Server thread/INFO]: Loading properties
[16:23:56] [Server thread/INFO]: Default game type: SURVIVAL
[16:23:57] [Server thread/INFO]: This server is running CraftBukkit version git-Spigot-dcd1643-e60fc34 (MC: 1.12.2) (Implementing API version 1.12.2-R0.1-SNAPSHOT)
[16:23:57] [Server thread/WARN]: Couldn't load server icon
java.lang.IllegalArgumentException: Must be 64 pixels wide
	at org.apache.commons.lang.Validate.isTrue(Validate.java:136) ~[spigot.jar:git-Spigot-dcd1643-e60fc34]
	at org.bukkit.craftbukkit.v1_12_R1.CraftServer.loadServerIcon0(CraftServer.java:1694) ~[spigot.jar:git-Spigot-dcd1643-e60fc34]
	at org.bukkit.craftbukkit.v1_12_R1.CraftServer.loadServerIcon0(CraftServer.java:1682) ~[spigot.jar:git-Spigot-dcd1643-e60fc34]
	at org.bukkit.craftbukkit.v1_12_R1.CraftServer.loadIcon(CraftServer.java:765) [spigot.jar:git-Spigot-dcd1643-e60fc34]
	at org.bukkit.craftbukkit.v1_12_R1.CraftServer.<init>(CraftServer.java:260) [spigot.jar:git-Spigot-dcd1643-e60fc34]
	at net.minecraft.server.v1_12_R1.PlayerList.<init>(PlayerList.java:78) [spigot.jar:git-Spigot-dcd1643-e60fc34]
	at net.minecraft.server.v1_12_R1.DedicatedPlayerList.<init>(SourceFile:14) [spigot.jar:git-Spigot-dcd1643-e60fc34]
	at net.minecraft.server.v1_12_R1.DedicatedServer.init(DedicatedServer.java:183) [spigot.jar:git-Spigot-dcd1643-e60fc34]
	at net.minecraft.server.v1_12_R1.MinecraftServer.run(MinecraftServer.java:545) [spigot.jar:git-Spigot-dcd1643-e60fc34]
	at java.lang.Thread.run(Unknown Source) [?:1.8.0_231]
[16:23:57] [Server thread/INFO]: Debug logging is disabled
[16:23:57] [Server thread/INFO]: Server Ping Player Sample Count: 12
[16:23:57] [Server thread/INFO]: Using 4 threads for Netty based IO
[16:23:58] [Server thread/INFO]: Generating keypair
[16:23:59] [Server thread/INFO]: Starting Minecraft server on *:25565
[16:23:59] [Server thread/INFO]: Using default channel type
[16:24:06] [Server thread/INFO]: Set PluginClassLoader as parallel capable
[16:24:07] [Server thread/INFO]: [AdvancedPortals] Loading AdvancedPortals v0.0.41
[16:24:07] [Server thread/INFO]: [TabX] Loading TabX v1.2
[16:24:07] [Server thread/INFO]: [WorldEdit] Loading WorldEdit v5.7-SNAPSHOT
[16:24:07] [Server thread/INFO]: [Essentials] Loading Essentials vTeamCity
[16:24:07] [Server thread/INFO]: [PermissionsEx] Loading PermissionsEx v1.23.4
[16:24:07] [Server thread/WARN]: [PermissionsEx] This server is in offline mode. Unless this server is configured to integrate with a supported proxy (see http://dft.ba/-8ous), UUIDs *may not be stable*!
[16:24:07] [Server thread/INFO]: [AutoMessage] Loading AutoMessage v1.0
[16:24:07] [Server thread/INFO]: [EasySetSpawn] Loading EasySetSpawn v3.3
[16:24:07] [Server thread/INFO]: [MOTD] Loading MOTD v3.2
[16:24:07] [Server thread/INFO]: [Vault] Loading Vault v1.7.2-b107
[16:24:07] [Server thread/INFO]: [ProtocolSupport] Loading ProtocolSupport v4.28
[16:24:07] [Server thread/INFO]: [ProtocolSupport] Detected Spigot server implementation type
[16:24:07] [Server thread/INFO]: [ProtocolSupport] Allocator: PooledByteBufAllocator(directByDefault: true), direct: true
[16:24:11] [Server thread/INFO]: [ProtocolSupport] Compression level: 3
[16:24:11] [Server thread/INFO]: [ProtocolSupport] Assume 1.5.2 ping delay: 100
[16:24:11] [Server thread/INFO]: [ProtocolSupport] Assume legacy ping delay: 200
[16:24:11] [Server thread/INFO]: [ProtocolSupport] Login threads keep alive time: 60
[16:24:20] [Server thread/INFO]: [WorldGuard] Loading WorldGuard v6.2.2-SNAPSHOT;8eeab68
[16:24:20] [Server thread/INFO]: [AuthMe] Loading AuthMe v5.6.0-beta1-b2226
[16:24:20] [Server thread/INFO]: [ChatEx] Loading ChatEx v1.6
[16:24:20] [Server thread/INFO]: [Vault] Enabling Vault v1.7.2-b107
[16:24:20] [Server thread/INFO]: [Vault] [Economy] Essentials Economy found: Waiting
[16:24:20] [Server thread/INFO]: [Vault] [Permission] PermissionsEx found: Waiting
[16:24:20] [Server thread/INFO]: [Vault] [Permission] SuperPermissions loaded as backup permission system.
[16:24:20] [Server thread/INFO]: [Vault] [Chat] PermissionsEx found: Waiting
[16:24:20] [Server thread/INFO]: [Vault] Enabled Version 1.7.2-b107
[16:24:20] [Server thread/INFO]: [ProtocolSupport] Enabling ProtocolSupport v4.28
[16:24:20] [Server thread/WARN]: **** SERVER IS RUNNING IN OFFLINE/INSECURE MODE!
[16:24:20] [Server thread/WARN]: The server will make no attempt to authenticate usernames. Beware.
[16:24:20] [Server thread/WARN]: While this makes the game possible to play without internet access, it also opens up the ability for hackers to connect with any username they choose.
[16:24:20] [Server thread/WARN]: To change this, set "online-mode" to "true" in the server.properties file.
[16:24:20] [Server thread/INFO]: **** Beginning UUID conversion, this may take A LONG time ****
[16:24:20] [Server thread/INFO]: Preparing level "world"
[16:24:20] [Server thread/INFO]: -------- World Settings For [world] --------
[16:24:20] [Server thread/INFO]: Item Despawn Rate: 6000
[16:24:20] [Server thread/INFO]: Item Merge Radius: 2.5
[16:24:20] [Server thread/INFO]: Experience Merge Radius: 3.0
[16:24:20] [Server thread/INFO]: Arrow Despawn Rate: 1200
[16:24:20] [Server thread/INFO]: View Distance: 10
[16:24:20] [Server thread/INFO]: Allow Zombie Pigmen to spawn from portal blocks: true
[16:24:20] [Server thread/INFO]: Zombie Aggressive Towards Villager: true
[16:24:20] [Server thread/INFO]: Nerfing mobs spawned from spawners: false
[16:24:20] [Server thread/INFO]: Custom Map Seeds:  Village: 10387312 Feature: 14357617 Monument: 10387313 Slime: 987234911
[16:24:20] [Server thread/INFO]: Cactus Growth Modifier: 100%
[16:24:20] [Server thread/INFO]: Cane Growth Modifier: 100%
[16:24:20] [Server thread/INFO]: Melon Growth Modifier: 100%
[16:24:20] [Server thread/INFO]: Mushroom Growth Modifier: 100%
[16:24:20] [Server thread/INFO]: Pumpkin Growth Modifier: 100%
[16:24:20] [Server thread/INFO]: Sapling Growth Modifier: 100%
[16:24:20] [Server thread/INFO]: Wheat Growth Modifier: 100%
[16:24:20] [Server thread/INFO]: NetherWart Growth Modifier: 100%
[16:24:20] [Server thread/INFO]: Vine Growth Modifier: 100%
[16:24:20] [Server thread/INFO]: Cocoa Growth Modifier: 100%
[16:24:20] [Server thread/INFO]: Mob Spawn Range: 4
[16:24:20] [Server thread/INFO]: Entity Tracking Range: Pl 48 / An 48 / Mo 48 / Mi 32 / Other 64
[16:24:20] [Server thread/INFO]: Max TNT Explosions: 100
[16:24:20] [Server thread/INFO]: Random Lighting Updates: false
[16:24:20] [Server thread/INFO]: Tile Max Tick Time: 50ms Entity max Tick Time: 50ms
[16:24:20] [Server thread/INFO]: Entity Activation Range: An 32 / Mo 32 / Mi 16 / Tiv true
[16:24:20] [Server thread/INFO]: Structure Info Saving: true
[16:24:20] [Server thread/INFO]: Hopper Transfer: 8 Hopper Check: 1 Hopper Amount: 1
[16:24:21] [Server thread/INFO]: -------- World Settings For [world_nether] --------
[16:24:21] [Server thread/INFO]: Item Despawn Rate: 6000
[16:24:21] [Server thread/INFO]: Item Merge Radius: 2.5
[16:24:21] [Server thread/INFO]: Experience Merge Radius: 3.0
[16:24:21] [Server thread/INFO]: Arrow Despawn Rate: 1200
[16:24:21] [Server thread/INFO]: View Distance: 10
[16:24:21] [Server thread/INFO]: Allow Zombie Pigmen to spawn from portal blocks: true
[16:24:21] [Server thread/INFO]: Zombie Aggressive Towards Villager: true
[16:24:21] [Server thread/INFO]: Nerfing mobs spawned from spawners: false
[16:24:21] [Server thread/INFO]: Custom Map Seeds:  Village: 10387312 Feature: 14357617 Monument: 10387313 Slime: 987234911
[16:24:21] [Server thread/INFO]: Cactus Growth Modifier: 100%
[16:24:21] [Server thread/INFO]: Cane Growth Modifier: 100%
[16:24:21] [Server thread/INFO]: Melon Growth Modifier: 100%
[16:24:21] [Server thread/INFO]: Mushroom Growth Modifier: 100%
[16:24:21] [Server thread/INFO]: Pumpkin Growth Modifier: 100%
[16:24:21] [Server thread/INFO]: Sapling Growth Modifier: 100%
[16:24:21] [Server thread/INFO]: Wheat Growth Modifier: 100%
[16:24:21] [Server thread/INFO]: NetherWart Growth Modifier: 100%
[16:24:21] [Server thread/INFO]: Vine Growth Modifier: 100%
[16:24:21] [Server thread/INFO]: Cocoa Growth Modifier: 100%
[16:24:21] [Server thread/INFO]: Mob Spawn Range: 4
[16:24:21] [Server thread/INFO]: Entity Tracking Range: Pl 48 / An 48 / Mo 48 / Mi 32 / Other 64
[16:24:21] [Server thread/INFO]: Max TNT Explosions: 100
[16:24:21] [Server thread/INFO]: Random Lighting Updates: false
[16:24:21] [Server thread/INFO]: Tile Max Tick Time: 50ms Entity max Tick Time: 50ms
[16:24:21] [Server thread/INFO]: Entity Activation Range: An 32 / Mo 32 / Mi 16 / Tiv true
[16:24:21] [Server thread/INFO]: Structure Info Saving: true
[16:24:21] [Server thread/INFO]: Hopper Transfer: 8 Hopper Check: 1 Hopper Amount: 1
[16:24:21] [Server thread/INFO]: -------- World Settings For [world_the_end] --------
[16:24:21] [Server thread/INFO]: Item Despawn Rate: 6000
[16:24:21] [Server thread/INFO]: Item Merge Radius: 2.5
[16:24:21] [Server thread/INFO]: Experience Merge Radius: 3.0
[16:24:21] [Server thread/INFO]: Arrow Despawn Rate: 1200
[16:24:21] [Server thread/INFO]: View Distance: 10
[16:24:21] [Server thread/INFO]: Allow Zombie Pigmen to spawn from portal blocks: true
[16:24:21] [Server thread/INFO]: Zombie Aggressive Towards Villager: true
[16:24:21] [Server thread/INFO]: Nerfing mobs spawned from spawners: false
[16:24:21] [Server thread/INFO]: Custom Map Seeds:  Village: 10387312 Feature: 14357617 Monument: 10387313 Slime: 987234911
[16:24:21] [Server thread/INFO]: Cactus Growth Modifier: 100%
[16:24:21] [Server thread/INFO]: Cane Growth Modifier: 100%
[16:24:21] [Server thread/INFO]: Melon Growth Modifier: 100%
[16:24:21] [Server thread/INFO]: Mushroom Growth Modifier: 100%
[16:24:21] [Server thread/INFO]: Pumpkin Growth Modifier: 100%
[16:24:21] [Server thread/INFO]: Sapling Growth Modifier: 100%
[16:24:21] [Server thread/INFO]: Wheat Growth Modifier: 100%
[16:24:21] [Server thread/INFO]: NetherWart Growth Modifier: 100%
[16:24:21] [Server thread/INFO]: Vine Growth Modifier: 100%
[16:24:21] [Server thread/INFO]: Cocoa Growth Modifier: 100%
[16:24:21] [Server thread/INFO]: Mob Spawn Range: 4
[16:24:21] [Server thread/INFO]: Entity Tracking Range: Pl 48 / An 48 / Mo 48 / Mi 32 / Other 64
[16:24:21] [Server thread/INFO]: Max TNT Explosions: 100
[16:24:21] [Server thread/INFO]: Random Lighting Updates: false
[16:24:21] [Server thread/INFO]: Tile Max Tick Time: 50ms Entity max Tick Time: 50ms
[16:24:21] [Server thread/INFO]: Entity Activation Range: An 32 / Mo 32 / Mi 16 / Tiv true
[16:24:21] [Server thread/INFO]: Structure Info Saving: true
[16:24:21] [Server thread/INFO]: Hopper Transfer: 8 Hopper Check: 1 Hopper Amount: 1
[16:24:21] [Server thread/INFO]: Preparing start region for level 0 (Seed: -8615197096620834141)
[16:24:23] [Server thread/INFO]: Preparing spawn area: 0%
[16:24:24] [Server thread/INFO]: Preparing spawn area: 9%
[16:24:25] [Server thread/INFO]: Preparing spawn area: 16%
[16:24:26] [Server thread/INFO]: Preparing spawn area: 21%
[16:24:27] [Server thread/INFO]: Preparing spawn area: 30%
[16:24:28] [Server thread/INFO]: Preparing spawn area: 38%
[16:24:29] [Server thread/INFO]: Preparing spawn area: 54%
[16:24:30] [Server thread/INFO]: Preparing spawn area: 72%
[16:24:31] [Server thread/INFO]: Preparing spawn area: 93%
[16:24:31] [Server thread/INFO]: Preparing start region for level 1 (Seed: -8615197096620834141)
[16:24:32] [Server thread/INFO]: Preparing spawn area: 10%
[16:24:33] [Server thread/INFO]: Preparing spawn area: 24%
[16:24:34] [Server thread/INFO]: Preparing spawn area: 36%
[16:24:36] [Server thread/INFO]: Preparing spawn area: 48%
[16:24:37] [Server thread/INFO]: Preparing spawn area: 54%
[16:24:38] [Server thread/INFO]: Preparing spawn area: 63%
[16:24:39] [Server thread/INFO]: Preparing spawn area: 72%
[16:24:40] [Server thread/INFO]: Preparing spawn area: 83%
[16:24:41] [Server thread/INFO]: Preparing spawn area: 98%
[16:24:41] [Server thread/INFO]: Preparing start region for level 2 (Seed: -8615197096620834141)
[16:24:42] [Server thread/INFO]: Preparing spawn area: 48%
[16:24:42] [Server thread/INFO]: [AdvancedPortals] Enabling AdvancedPortals v0.0.41
[16:24:42] [Server thread/INFO]: [AdvancedPortals] Bukkit version detected v1_12_R1
[16:24:42] [Server thread/INFO]: [AdvancedPortals] BLOCK_PORTAL_TRAVEL found
[16:24:43] [Server thread/INFO]: [AdvancedPortals] ENTITY_ENDERMEN_TELEPORT found
[16:24:43] [Server thread/INFO]: [AdvancedPortals] ENTITY_GENERIC_EXPLODE found
[16:24:43] [Server thread/INFO]: [0;32;1mAdvanced portals have been successfully enabled![m
[16:24:43] [Server thread/INFO]: [TabX] Enabling TabX v1.2
[16:24:43] [Server thread/INFO]: [WorldEdit] Enabling WorldEdit v5.7-SNAPSHOT
[16:24:43] [Server thread/INFO]: WEPIF: Использование Bukkit Permissions API.
[16:24:43] [Server thread/INFO]: [Essentials] Enabling Essentials vTeamCity
[16:24:43] [Server thread/INFO]: Версия Bukkit-ядра изменена. Версия не проверяется
[16:24:43] [Server thread/INFO]: git-Spigot-dcd1643-e60fc34 (MC: 1.12.2)
[16:24:43] [Server thread/INFO]: 1.12.2-R0.1-SNAPSHOT
[16:24:43] [Server thread/INFO]: Using locale en_US
[16:24:43] [Server thread/INFO]: Using locale en_US
[16:24:43] [Server thread/INFO]: [Vault] [Vault][Economy] Essentials Economy hooked.
[16:24:43] [Server thread/INFO]: Essentials: Using config file enhanced permissions.
[16:24:43] [Server thread/INFO]: Permissions listed in as player-commands will be given to all users.
[16:24:43] [Server thread/INFO]: [PermissionsEx] Enabling PermissionsEx v1.23.4
[16:24:43] [Server thread/INFO]: [PermissionsEx] Initializing file backend
[16:24:43] [Server thread/INFO]: [PermissionsEx] Permissions file successfully reloaded
[16:24:43] [Server thread/INFO]: WEPIF: PermissionsEx обнаружен! Использую плагин разрешений для разрешений.
[16:24:43] [Server thread/INFO]: [Vault][Permission] PermissionsEx hooked.
[16:24:43] [Server thread/INFO]: [Vault] [Vault][Chat] PermissionsEx_Chat hooked.
[16:24:43] [Server thread/INFO]: Essentials: Using PermissionsEx based permissions.
[16:24:43] [Server thread/INFO]: [AutoMessage] Enabling AutoMessage v1.0
[16:24:43] [Server thread/INFO]: [0;36;1mAutoMessage [0;32;1maktivited[m
[16:24:43] [Server thread/INFO]: [EasySetSpawn] Enabling EasySetSpawn v3.3
[16:24:44] [Server thread/INFO]: [EasySetSpawn] Enabled!
[16:24:44] [Server thread/INFO]: [MOTD] Enabling MOTD v3.2
[16:24:44] [Server thread/INFO]: ColorMOTD enabled!
[16:24:44] [Server thread/INFO]: [WorldGuard] Enabling WorldGuard v6.2.2-SNAPSHOT;8eeab68
[16:24:44] [Server thread/INFO]: [WorldGuard] (world) TNT ignition is PERMITTED.
[16:24:44] [Server thread/INFO]: [WorldGuard] (world) Lighters are PERMITTED.
[16:24:44] [Server thread/INFO]: [WorldGuard] (world) Lava fire is blocked.
[16:24:44] [Server thread/INFO]: [WorldGuard] (world) Fire spread is UNRESTRICTED.
[16:24:44] [Server thread/INFO]: [WorldGuard] Loaded configuration for world 'world'
[16:24:44] [Server thread/INFO]: [WorldGuard] (world_nether) TNT ignition is PERMITTED.
[16:24:44] [Server thread/INFO]: [WorldGuard] (world_nether) Lighters are PERMITTED.
[16:24:44] [Server thread/INFO]: [WorldGuard] (world_nether) Lava fire is blocked.
[16:24:44] [Server thread/INFO]: [WorldGuard] (world_nether) Fire spread is UNRESTRICTED.
[16:24:44] [Server thread/INFO]: [WorldGuard] Loaded configuration for world 'world_nether'
[16:24:44] [Server thread/INFO]: [WorldGuard] (world_the_end) TNT ignition is PERMITTED.
[16:24:44] [Server thread/INFO]: [WorldGuard] (world_the_end) Lighters are PERMITTED.
[16:24:44] [Server thread/INFO]: [WorldGuard] (world_the_end) Lava fire is blocked.
[16:24:44] [Server thread/INFO]: [WorldGuard] (world_the_end) Fire spread is UNRESTRICTED.
[16:24:44] [Server thread/INFO]: [WorldGuard] Loaded configuration for world 'world_the_end'
[16:24:44] [Server thread/INFO]: [WorldGuard] Loading region data...
[16:24:45] [Server thread/INFO]: [AuthMe] Enabling AuthMe v5.6.0-beta1-b2226
[16:24:46] [Server thread/INFO]: [AuthMe] SQLite Setup finished
[16:24:46] [Server thread/INFO]: [AuthMe] Hooked into PermissionsEx!
[16:24:46] [Server thread/INFO]: [AuthMe] Hooked successfully into Essentials
[16:24:46] [Server thread/WARN]: [AuthMe] WARNING! The protectInventory feature requires ProtocolLib! Disabling it...
[16:24:47] [Server thread/INFO]: [AuthMe] AuthMe 5.6.0-beta1 build n.2226 correctly enabled!
[16:24:47] [Server thread/INFO]: [ChatEx] Enabling ChatEx v1.6
[16:24:47] [Server thread/INFO]: [ChatEx] Loading updater by TheJeterLP. Project id: 65863
[16:24:47] [Server thread/INFO]: [ChatEx] Loading updater-config...
[16:24:47] [Server thread/INFO]: [ChatEx] Done!
[16:24:47] [Server thread/INFO]: [ChatEx] Updatechecker is disabled.
[16:24:47] [Server thread/INFO]: [ChatEx] Successfully hooked into: PermissionsEx
[16:24:47] [Server thread/INFO]: [ChatEx] Listener registered with Priority: LOWEST
[16:24:47] [Server thread/INFO]: [ChatEx] is now enabled!
[16:24:47] [Server thread/INFO]: Server permissions file permissions.yml is empty, ignoring it
[16:24:47] [Server thread/INFO]: Done (27,427s)! For help, type "help" or "?"
[16:24:47] [Server thread/ERROR]: Couldn't load server icon
java.lang.IllegalStateException: Must be 64 pixels wide
	at org.apache.commons.lang3.Validate.validState(Validate.java:829) ~[spigot.jar:git-Spigot-dcd1643-e60fc34]
	at net.minecraft.server.v1_12_R1.MinecraftServer.a(MinecraftServer.java:643) [spigot.jar:git-Spigot-dcd1643-e60fc34]
	at net.minecraft.server.v1_12_R1.MinecraftServer.run(MinecraftServer.java:551) [spigot.jar:git-Spigot-dcd1643-e60fc34]
	at java.lang.Thread.run(Unknown Source) [?:1.8.0_231]
[16:24:47] [Thread-8/WARN]: [PermissionsEx] The updater could not find any files for the project id 31279
[16:24:47] [Craft Scheduler Thread - 6/INFO]: [AuthMe] Downloading GEO IP database, because the old database is older than 30 days or doesn't exist
[16:24:47] [Craft Scheduler Thread - 10/INFO]: [Vault] Checking for Updates ... 
[16:24:47] [Craft Scheduler Thread - 1/WARN]: [Essentials] Plugin Essentials vTeamCity generated an exception while executing task 6
org.yaml.snakeyaml.constructor.ConstructorException: Can't construct a java object for tag:yaml.org,2002:com.earth2me.essentials.settings.Jails; exception=java.lang.NoSuchFieldException: typeDefinitions
 in 'reader', line 1, column 1:
    jails: 
    ^

	at org.yaml.snakeyaml.constructor.Constructor$ConstructYamlObject.construct(Constructor.java:313) ~[spigot.jar:git-Spigot-dcd1643-e60fc34]
	at org.yaml.snakeyaml.constructor.BaseConstructor.constructObjectNoCheck(BaseConstructor.java:207) ~[spigot.jar:git-Spigot-dcd1643-e60fc34]
	at org.yaml.snakeyaml.constructor.BaseConstructor.constructObject(BaseConstructor.java:196) ~[spigot.jar:git-Spigot-dcd1643-e60fc34]
	at org.yaml.snakeyaml.constructor.BaseConstructor.constructDocument(BaseConstructor.java:161) ~[spigot.jar:git-Spigot-dcd1643-e60fc34]
	at org.yaml.snakeyaml.constructor.BaseConstructor.getSingleData(BaseConstructor.java:147) ~[spigot.jar:git-Spigot-dcd1643-e60fc34]
	at org.yaml.snakeyaml.Yaml.loadFromReader(Yaml.java:524) ~[spigot.jar:git-Spigot-dcd1643-e60fc34]
	at org.yaml.snakeyaml.Yaml.load(Yaml.java:467) ~[spigot.jar:git-Spigot-dcd1643-e60fc34]
	at com.earth2me.essentials.storage.YamlStorageReader.load(YamlStorageReader.java:47) ~[?:?]
	at com.earth2me.essentials.storage.AbstractDelayedYamlFileReader.run(AbstractDelayedYamlFileReader.java:37) ~[?:?]
	at org.bukkit.craftbukkit.v1_12_R1.scheduler.CraftTask.run(CraftTask.java:76) ~[spigot.jar:git-Spigot-dcd1643-e60fc34]
	at org.bukkit.craftbukkit.v1_12_R1.scheduler.CraftAsyncTask.run(CraftAsyncTask.java:52) [spigot.jar:git-Spigot-dcd1643-e60fc34]
	at java.util.concurrent.ThreadPoolExecutor.runWorker(Unknown Source) [?:1.8.0_231]
	at java.util.concurrent.ThreadPoolExecutor$Worker.run(Unknown Source) [?:1.8.0_231]
	at java.lang.Thread.run(Unknown Source) [?:1.8.0_231]
Caused by: org.yaml.snakeyaml.error.YAMLException: java.lang.NoSuchFieldException: typeDefinitions
	at com.earth2me.essentials.storage.BukkitConstructor$ConstructBukkitMapping.constructJavaBean2ndStep(BukkitConstructor.java:294) ~[?:?]
	at org.yaml.snakeyaml.constructor.Constructor$ConstructMapping.construct(Constructor.java:149) ~[spigot.jar:git-Spigot-dcd1643-e60fc34]
	at com.earth2me.essentials.storage.BukkitConstructor$ConstructBukkitMapping.construct(BukkitConstructor.java:275) ~[?:?]
	at org.yaml.snakeyaml.constructor.Constructor$ConstructYamlObject.construct(Constructor.java:308) ~[spigot.jar:git-Spigot-dcd1643-e60fc34]
	... 13 more
Caused by: java.lang.NoSuchFieldException: typeDefinitions
	at java.lang.Class.getDeclaredField(Unknown Source) ~[?:1.8.0_231]
	at com.earth2me.essentials.storage.BukkitConstructor$ConstructBukkitMapping.constructJavaBean2ndStep(BukkitConstructor.java:284) ~[?:?]
	at org.yaml.snakeyaml.constructor.Constructor$ConstructMapping.construct(Constructor.java:149) ~[spigot.jar:git-Spigot-dcd1643-e60fc34]
	at com.earth2me.essentials.storage.BukkitConstructor$ConstructBukkitMapping.construct(BukkitConstructor.java:275) ~[?:?]
	at org.yaml.snakeyaml.constructor.Constructor$ConstructYamlObject.construct(Constructor.java:308) ~[spigot.jar:git-Spigot-dcd1643-e60fc34]
	... 13 more
[16:24:47] [Craft Scheduler Thread - 6/WARN]: [AuthMe] Could not download GeoLiteAPI database [UnknownHostException]: geolite.maxmind.com
[16:24:48] [Craft Scheduler Thread - 10/INFO]: [Vault] No new version available
[16:24:49] [Server thread/INFO]: [0;32;22m[0;34;22mСервер[0;30;1m - [0;37;1mНе упусти возможность купить любой донат со скидкой 90% по промо коду JMZLC на нашем сайте lib.trademc.org - осталось всего 3 дня![m
[16:25:05] [Server thread/INFO]: [0;32;22m[0;34;22mСервер[0;30;1m - [0;37;1mСистема автоматического доната гарантирует максимально удобное и мгновенное приобретение необходимых вами товаров и услуг - наш сайт lib.trademc.org[m
[16:25:22] [Server thread/INFO]: [0;32;22m[0;34;22mСервер[0;30;1m - [0;37;1mДля телепортирования к игроку необходимо использовать команду /tpa[m
[16:25:41] [Server thread/INFO]: [0;32;22m[0;34;22mСервер[0;30;1m - [0;37;1mДля телепортирования на Spawn необходимо использовать команду /spawn[m
[16:25:57] [Server thread/INFO]: [0;32;22m[0;34;22mСервер[0;30;1m - [0;37;1mНе упусти возможность купить любой донат со скидкой 90% по промо коду JMZLC на нашем сайте lib.trademc.org - осталось всего 3 дня![m
[16:26:29] [Server thread/INFO]: [0;32;22m[0;34;22mСервер[0;30;1m - [0;37;1mНе упусти возможность купить любой донат со скидкой 90% по промо коду JMZLC на нашем сайте lib.trademc.org - осталось всего 3 дня![m
[16:26:45] [Server thread/INFO]: [0;32;22m[0;34;22mСервер[0;30;1m - [0;37;1mСистема автоматического доната гарантирует максимально удобное и мгновенное приобретение необходимых вами товаров и услуг - наш сайт lib.trademc.org[m
[16:27:00] [Server thread/INFO]: [0;32;22m[0;34;22mСервер[0;30;1m - [0;37;1mДля телепортирования к игроку необходимо использовать команду /tpa[m
[16:27:15] [Server thread/INFO]: [0;32;22m[0;34;22mСервер[0;30;1m - [0;37;1mДля телепортирования на Spawn необходимо использовать команду /spawn[m
[16:27:30] [Server thread/INFO]: [0;32;22m[0;34;22mСервер[0;30;1m - [0;37;1mНе упусти возможность купить любой донат со скидкой 90% по промо коду JMZLC на нашем сайте lib.trademc.org - осталось всего 3 дня![m
[16:28:01] [Server thread/INFO]: [0;32;22m[0;34;22mСервер[0;30;1m - [0;37;1mНе упусти возможность купить любой донат со скидкой 90% по промо коду JMZLC на нашем сайте lib.trademc.org - осталось всего 3 дня![m
[16:28:16] [Server thread/INFO]: [0;32;22m[0;34;22mСервер[0;30;1m - [0;37;1mСистема автоматического доната гарантирует максимально удобное и мгновенное приобретение необходимых вами товаров и услуг - наш сайт lib.trademc.org[m
[16:28:31] [Server thread/INFO]: [0;32;22m[0;34;22mСервер[0;30;1m - [0;37;1mДля телепортирования к игроку необходимо использовать команду /tpa[m
[16:28:46] [Server thread/INFO]: [0;32;22m[0;34;22mСервер[0;30;1m - [0;37;1mДля телепортирования на Spawn необходимо использовать команду /spawn[m
[16:29:02] [Server thread/INFO]: [0;32;22m[0;34;22mСервер[0;30;1m - [0;37;1mНе упусти возможность купить любой донат со скидкой 90% по промо коду JMZLC на нашем сайте lib.trademc.org - осталось всего 3 дня![m
[16:29:21] [LoginProcessingThread/INFO]: UUID of player Grant is d10b4c0a-61ef-3b57-b33b-42c92ac3c1fc
[16:29:22] [Server thread/INFO]: Grant[/127.0.0.1:62815] logged in with entity id 224 at ([world]-174.61269894708894, 66.0, 206.01851509617515)
[16:29:34] [Server thread/INFO]: [0;32;22m[0;34;22mСервер[0;30;1m - [0;37;1mНе упусти возможность купить любой донат со скидкой 90% по промо коду JMZLC на нашем сайте lib.trademc.org - осталось всего 3 дня![m
[16:29:37] [Craft Scheduler Thread - 11/INFO]: [AuthMe] The user Grant has 2 accounts:
[16:29:37] [Craft Scheduler Thread - 11/INFO]: [AuthMe] §7ufututuru, §aGrant§7.
[16:29:37] [Craft Scheduler Thread - 11/INFO]: [AuthMe] Grant logged in!
[16:29:41] [Server thread/INFO]: Grant issued server command: /plugins
[16:29:50] [Server thread/INFO]: [0;32;22m[0;34;22mСервер[0;30;1m - [0;37;1mСистема автоматического доната гарантирует максимально удобное и мгновенное приобретение необходимых вами товаров и услуг - наш сайт lib.trademc.org[m
[16:30:06] [Server thread/INFO]: [0;32;22m[0;34;22mСервер[0;30;1m - [0;37;1mДля телепортирования к игроку необходимо использовать команду /tpa[m
[16:30:06] [Server thread/INFO]: Grant issued server command: /protocolsupport
[16:30:21] [Server thread/INFO]: [0;32;22m[0;34;22mСервер[0;30;1m - [0;37;1mДля телепортирования на Spawn необходимо использовать команду /spawn[m
[16:30:37] [Server thread/INFO]: [0;32;22m[0;34;22mСервер[0;30;1m - [0;37;1mНе упусти возможность купить любой донат со скидкой 90% по промо коду JMZLC на нашем сайте lib.trademc.org - осталось всего 3 дня![m
[16:31:01] [Server thread/INFO]: Grant lost connection: Disconnected
[16:31:01] [Server thread/INFO]:  Grant Вышел с сервера!
[16:31:08] [Server thread/INFO]: [0;32;22m[0;34;22mСервер[0;30;1m - [0;37;1mНе упусти возможность купить любой донат со скидкой 90% по промо коду JMZLC на нашем сайте lib.trademc.org - осталось всего 3 дня![m
[16:31:23] [Server thread/INFO]: [0;32;22m[0;34;22mСервер[0;30;1m - [0;37;1mСистема автоматического доната гарантирует максимально удобное и мгновенное приобретение необходимых вами товаров и услуг - наш сайт lib.trademc.org[m
[16:31:39] [Server thread/INFO]: [0;32;22m[0;34;22mСервер[0;30;1m - [0;37;1mДля телепортирования к игроку необходимо использовать команду /tpa[m
[16:31:56] [Server thread/INFO]: [0;32;22m[0;34;22mСервер[0;30;1m - [0;37;1mДля телепортирования на Spawn необходимо использовать команду /spawn[m
[16:32:11] [Server thread/INFO]: [0;32;22m[0;34;22mСервер[0;30;1m - [0;37;1mНе упусти возможность купить любой донат со скидкой 90% по промо коду JMZLC на нашем сайте lib.trademc.org - осталось всего 3 дня![m
[16:32:42] [Server thread/INFO]: [0;32;22m[0;34;22mСервер[0;30;1m - [0;37;1mНе упусти возможность купить любой донат со скидкой 90% по промо коду JMZLC на нашем сайте lib.trademc.org - осталось всего 3 дня![m
[16:32:59] [Server thread/INFO]: [0;32;22m[0;34;22mСервер[0;30;1m - [0;37;1mСистема автоматического доната гарантирует максимально удобное и мгновенное приобретение необходимых вами товаров и услуг - наш сайт lib.trademc.org[m
[16:33:15] [Server thread/INFO]: [0;32;22m[0;34;22mСервер[0;30;1m - [0;37;1mДля телепортирования к игроку необходимо использовать команду /tpa[m
[16:33:31] [Server thread/INFO]: [0;32;22m[0;34;22mСервер[0;30;1m - [0;37;1mДля телепортирования на Spawn необходимо использовать команду /spawn[m
[16:33:49] [Server thread/INFO]: [0;32;22m[0;34;22mСервер[0;30;1m - [0;37;1mНе упусти возможность купить любой донат со скидкой 90% по промо коду JMZLC на нашем сайте lib.trademc.org - осталось всего 3 дня![m
[16:34:22] [Server thread/INFO]: [0;32;22m[0;34;22mСервер[0;30;1m - [0;37;1mНе упусти возможность купить любой донат со скидкой 90% по промо коду JMZLC на нашем сайте lib.trademc.org - осталось всего 3 дня![m
[16:34:39] [Server thread/INFO]: [0;32;22m[0;34;22mСервер[0;30;1m - [0;37;1mСистема автоматического доната гарантирует максимально удобное и мгновенное приобретение необходимых вами товаров и услуг - наш сайт lib.trademc.org[m
[16:34:54] [Server thread/INFO]: [0;32;22m[0;34;22mСервер[0;30;1m - [0;37;1mДля телепортирования к игроку необходимо использовать команду /tpa[m
[16:35:10] [Server thread/INFO]: [0;32;22m[0;34;22mСервер[0;30;1m - [0;37;1mДля телепортирования на Spawn необходимо использовать команду /spawn[m
[16:35:25] [Server thread/INFO]: [0;32;22m[0;34;22mСервер[0;30;1m - [0;37;1mНе упусти возможность купить любой донат со скидкой 90% по промо коду JMZLC на нашем сайте lib.trademc.org - осталось всего 3 дня![m
[16:35:42] [LoginProcessingThread/INFO]: UUID of player Grant is d10b4c0a-61ef-3b57-b33b-42c92ac3c1fc
[16:35:42] [Server thread/INFO]: Grant[/127.0.0.1:63113] logged in with entity id 338 at ([world]-169.8436595114045, 66.0, 202.71874268755312)
[16:35:57] [Server thread/INFO]: [0;32;22m[0;34;22mСервер[0;30;1m - [0;37;1mНе упусти возможность купить любой донат со скидкой 90% по промо коду JMZLC на нашем сайте lib.trademc.org - осталось всего 3 дня![m
[16:36:12] [Server thread/INFO]: [0;32;22m[0;34;22mСервер[0;30;1m - [0;37;1mСистема автоматического доната гарантирует максимально удобное и мгновенное приобретение необходимых вами товаров и услуг - наш сайт lib.trademc.org[m
[16:36:13] [Server thread/INFO]: Grant lost connection: §4Login timeout exceeded, you have been kicked from the server, please try again!
[16:36:13] [Server thread/INFO]:  Grant Вышел с сервера!
[16:36:13] [Server thread/WARN]: handleDisconnection() called twice
[16:36:28] [Server thread/INFO]: [0;32;22m[0;34;22mСервер[0;30;1m - [0;37;1mДля телепортирования к игроку необходимо использовать команду /tpa[m
[16:36:39] [LoginProcessingThread/INFO]: UUID of player Grant is d10b4c0a-61ef-3b57-b33b-42c92ac3c1fc
[16:36:39] [Server thread/INFO]: Grant[/127.0.0.1:63127] logged in with entity id 374 at ([world]-169.8436595114045, 66.0, 202.71874268755312)
[16:36:41] [Server thread/INFO]: Grant lost connection: Disconnected
[16:36:41] [Server thread/INFO]:  Grant Вышел с сервера!
[16:36:43] [Server thread/INFO]: [0;32;22m[0;34;22mСервер[0;30;1m - [0;37;1mДля телепортирования на Spawn необходимо использовать команду /spawn[m
[16:36:58] [Server thread/INFO]: [0;32;22m[0;34;22mСервер[0;30;1m - [0;37;1mНе упусти возможность купить любой донат со скидкой 90% по промо коду JMZLC на нашем сайте lib.trademc.org - осталось всего 3 дня![m
[16:37:28] [Server thread/INFO]: [0;32;22m[0;34;22mСервер[0;30;1m - [0;37;1mНе упусти возможность купить любой донат со скидкой 90% по промо коду JMZLC на нашем сайте lib.trademc.org - осталось всего 3 дня![m
[16:37:31] [LoginProcessingThread/INFO]: UUID of player Grant is d10b4c0a-61ef-3b57-b33b-42c92ac3c1fc
[16:37:31] [Server thread/INFO]: Grant[/127.0.0.1:63140] logged in with entity id 403 at ([world]-169.8436595114045, 66.0, 202.71874268755312)
[16:37:35] [Server thread/INFO]: Grant lost connection: Disconnected
[16:37:35] [Server thread/INFO]:  Grant Вышел с сервера!
[16:37:44] [Server thread/INFO]: [0;32;22m[0;34;22mСервер[0;30;1m - [0;37;1mСистема автоматического доната гарантирует максимально удобное и мгновенное приобретение необходимых вами товаров и услуг - наш сайт lib.trademc.org[m
[16:37:59] [Server thread/INFO]: [0;32;22m[0;34;22mСервер[0;30;1m - [0;37;1mДля телепортирования к игроку необходимо использовать команду /tpa[m
[16:38:14] [Server thread/INFO]: [0;32;22m[0;34;22mСервер[0;30;1m - [0;37;1mДля телепортирования на Spawn необходимо использовать команду /spawn[m
[16:38:28] [Server thread/INFO]: Stopping the server
[16:38:28] [Server thread/INFO]: Stopping server
[16:38:28] [Server thread/INFO]: [ChatEx] Disabling ChatEx v1.6
[16:38:28] [Server thread/INFO]: [ChatEx] is now disabled!
[16:38:28] [Server thread/INFO]: [AuthMe] Disabling AuthMe v5.6.0-beta1-b2226
[16:38:28] [Server thread/INFO]: [AuthMe] Waiting for 0 tasks to finish
[16:38:28] [Server thread/INFO]: [AuthMe] AuthMe 5.6.0-beta1-b2226 disabled!
[16:38:28] [Server thread/INFO]: [WorldGuard] Disabling WorldGuard v6.2.2-SNAPSHOT;8eeab68
[16:38:28] [Server thread/INFO]: [WorldGuard] Shutting down executor and waiting for any pending tasks...
[16:38:28] [Server thread/INFO]: [ProtocolSupport] Disabling ProtocolSupport v4.28
[16:38:28] [Server thread/INFO]: [Vault] Disabling Vault v1.7.2-b107
[16:38:28] [Server thread/INFO]: [MOTD] Disabling MOTD v3.2
[16:38:28] [Server thread/INFO]: [EasySetSpawn] Disabling EasySetSpawn v3.3
[16:38:28] [Server thread/INFO]: [EasySetSpawn] Disabled!
[16:38:28] [Server thread/INFO]: [AutoMessage] Disabling AutoMessage v1.0
[16:38:28] [Server thread/INFO]: [0;36;1mAutoMessage [0;31;1mdeactivited[m
[16:38:28] [Server thread/INFO]: [PermissionsEx] Disabling PermissionsEx v1.23.4
[16:38:28] [Server thread/INFO]: WEPIF: PermissionsEx обнаружен! Использую плагин разрешений для разрешений.
[16:38:28] [Server thread/INFO]: [Essentials] Disabling Essentials vTeamCity
[16:38:28] [Server thread/INFO]: Essentials: Using config file enhanced permissions.
[16:38:28] [Server thread/INFO]: Permissions listed in as player-commands will be given to all users.
[16:38:28] [Server thread/INFO]: [WorldEdit] Disabling WorldEdit v5.7-SNAPSHOT
[16:38:28] [Server thread/INFO]: [TabX] Disabling TabX v1.2
[16:38:28] [Server thread/INFO]: [AdvancedPortals] Disabling AdvancedPortals v0.0.41
[16:38:28] [Server thread/INFO]: [0;31;1mAdvanced portals are being disabled![m
[16:38:28] [Server thread/INFO]: Saving players
[16:38:28] [Server thread/INFO]: Saving worlds
[16:38:28] [Server thread/INFO]: Saving chunks for level 'world'/overworld
[16:38:29] [Server thread/INFO]: Saving chunks for level 'world_nether'/the_nether
[16:38:29] [Server thread/INFO]: Saving chunks for level 'world_the_end'/the_end
